#
# There is insufficient memory for the Java Runtime Environment to continue.
# Native memory allocation (malloc) failed to allocate 1867504 bytes for Chunk::new
# Possible reasons:
#   The system is out of physical RAM or swap space
#   The process is running with CompressedOops enabled, and the Java Heap may be blocking the growth of the native heap
# Possible solutions:
#   Reduce memory load on the system
#   Increase physical memory or swap space
#   Check if swap backing store is full
#   Decrease Java heap size (-Xmx/-Xms)
#   Decrease number of Java threads
#   Decrease Java thread stack sizes (-Xss)
#   Set larger code cache with -XX:ReservedCodeCacheSize=
#   JVM is running with Unscaled Compressed Oops mode in which the Java heap is
#     placed in the first 4GB address space. The Java Heap base address is the
#     maximum limit for the native heap growth. Please use -XX:HeapBaseMinAddress
#     to set the Java Heap base and to place the Java Heap above 4GB virtual address.
# This output file may be truncated or incomplete.
#
#  Out of Memory Error (allocation.cpp:389), pid=6368, tid=0x00000000000031e8
#
# JRE version: OpenJDK Runtime Environment (8.0_242-b01) (build 1.8.0_242-release-1644-b01)
# Java VM: OpenJDK 64-Bit Server VM (25.242-b01 mixed mode windows-amd64 compressed oops)
# Failed to write core dump. Minidumps are not enabled by default on client versions of Windows
#

---------------  T H R E A D  ---------------

Current thread (0x000000001677b800):  JavaThread "C2 CompilerThread1" daemon [_thread_in_native, id=12776, stack(0x0000000017ee0000,0x0000000017fe0000)]

Stack: [0x0000000017ee0000,0x0000000017fe0000]
[error occurred during error reporting (printing stack bounds), id 0xc0000005]

Native frames: (J=compiled Java code, j=interpreted, Vv=VM code, C=native code)


Current CompileTask:
C2:   9038 1458       4       java.net.URLClassLoader$1::run (5 bytes)


---------------  P R O C E S S  ---------------

Java Threads: ( => current thread )
  0x0000000019afe000 JavaThread "Cache worker for journal cache (C:\Users\PC\.gradle\caches\journal-1)" [_thread_blocked, id=12004, stack(0x000000001c500000,0x000000001c600000)]
  0x0000000019afc000 JavaThread "File lock request listener" [_thread_in_native, id=6456, stack(0x000000001c400000,0x000000001c500000)]
  0x0000000019c0e800 JavaThread "Cache worker for file hash cache (C:\Users\PC\.gradle\caches\5.6.4\fileHashes)" [_thread_blocked, id=12396, stack(0x000000001c300000,0x000000001c400000)]
  0x000000001a22c000 JavaThread "Thread-9" [_thread_blocked, id=6196, stack(0x000000001c000000,0x000000001c100000)]
  0x000000001a1a1800 JavaThread "Stdin handler" [_thread_blocked, id=11940, stack(0x000000001bf00000,0x000000001c000000)]
  0x000000001a1a2000 JavaThread "Asynchronous log dispatcher for DefaultDaemonConnection: socket connection from /127.0.0.1:56075 to /127.0.0.1:56076" [_thread_blocked, id=8172, stack(0x000000001be00000,0x000000001bf00000)]
  0x000000001a185800 JavaThread "Daemon worker" [_thread_in_vm, id=128, stack(0x000000001bd00000,0x000000001be00000)]
  0x000000001a184800 JavaThread "Cancel handler" [_thread_blocked, id=9376, stack(0x000000001bc00000,0x000000001bd00000)]
  0x000000001a15e800 JavaThread "Handler for socket connection from /127.0.0.1:56075 to /127.0.0.1:56076" [_thread_in_native, id=7292, stack(0x000000001b900000,0x000000001ba00000)]
  0x000000001a157800 JavaThread "Daemon" [_thread_blocked, id=3392, stack(0x000000001b800000,0x000000001b900000)]
  0x000000001a13e000 JavaThread "Daemon periodic checks" [_thread_blocked, id=7992, stack(0x000000001b700000,0x000000001b800000)]
  0x000000001a0f3000 JavaThread "Incoming local TCP Connector on port 56075" [_thread_in_native, id=9768, stack(0x000000001b4c0000,0x000000001b5c0000)]
  0x00000000181aa000 JavaThread "Daemon health stats" [_thread_blocked, id=520, stack(0x000000001ae80000,0x000000001af80000)]
  0x00000000167ce800 JavaThread "Service Thread" daemon [_thread_blocked, id=1056, stack(0x00000000184e0000,0x00000000185e0000)]
  0x00000000167c6800 JavaThread "C1 CompilerThread2" daemon [_thread_blocked, id=9588, stack(0x0000000017fe0000,0x00000000180e0000)]
=>0x000000001677b800 JavaThread "C2 CompilerThread1" daemon [_thread_in_native, id=12776, stack(0x0000000017ee0000,0x0000000017fe0000)]
  0x0000000016779800 JavaThread "C2 CompilerThread0" daemon [_thread_in_native, id=8320, stack(0x0000000017de0000,0x0000000017ee0000)]
  0x0000000016778000 JavaThread "Attach Listener" daemon [_thread_blocked, id=8704, stack(0x0000000017ce0000,0x0000000017de0000)]
  0x0000000016775000 JavaThread "Signal Dispatcher" daemon [_thread_blocked, id=7048, stack(0x0000000017be0000,0x0000000017ce0000)]
  0x0000000002cf7000 JavaThread "Finalizer" daemon [_thread_blocked, id=9572, stack(0x00000000179e0000,0x0000000017ae0000)]
  0x0000000016759000 JavaThread "Reference Handler" daemon [_thread_blocked, id=11368, stack(0x00000000178e0000,0x00000000179e0000)]
  0x0000000002c02800 JavaThread "main" [_thread_blocked, id=7404, stack(0x0000000002a20000,0x0000000002b20000)]

Other Threads:
  0x0000000016737800 VMThread [stack: 0x00000000177e0000,0x00000000178e0000] [id=2852]
  0x000000001810c800 WatcherThread [stack: 0x00000000185e0000,0x00000000186e0000] [id=1812]

VM state:not at safepoint (normal execution)

VM Mutex/Monitor currently owned by a thread: None

heap address: 0x00000000a0000000, size: 1536 MB, Compressed Oops mode: 32-bit
Narrow klass base: 0x0000000000000000, Narrow klass shift: 3
Compressed class space size: 1073741824 Address: 0x0000000100000000

Heap:
 PSYoungGen      total 38400K, used 14067K [0x00000000e0000000, 0x00000000e2a80000, 0x0000000100000000)
  eden space 33280K, 26% used [0x00000000e0000000,0x00000000e08c0ca8,0x00000000e2080000)
  from space 5120K, 99% used [0x00000000e2580000,0x00000000e2a7c010,0x00000000e2a80000)
  to   space 5120K, 0% used [0x00000000e2080000,0x00000000e2080000,0x00000000e2580000)
 ParOldGen       total 87552K, used 3755K [0x00000000a0000000, 0x00000000a5580000, 0x00000000e0000000)
  object space 87552K, 4% used [0x00000000a0000000,0x00000000a03aae08,0x00000000a5580000)
 Metaspace       used 15266K, capacity 15700K, committed 15872K, reserved 1062912K
  class space    used 2142K, capacity 2298K, committed 2304K, reserved 1048576K

Card table byte_map: [0x00000000121c0000,0x00000000124d0000] byte_map_base: 0x0000000011cc0000

Marking Bits: (ParMarkBitMap*) 0x000000005e9cf030
 Begin Bits: [0x0000000012ad0000, 0x00000000142d0000)
 End Bits:   [0x00000000142d0000, 0x0000000015ad0000)

Polling page: 0x00000000013e0000

CodeCache: size=245760Kb used=5521Kb max_used=5521Kb free=240238Kb
 bounds [0x0000000002e00000, 0x0000000003370000, 0x0000000011e00000]
 total_blobs=1917 nmethods=1526 adapters=304
 compilation: enabled

Compilation events (10 events):
Event: 7.495 Thread 0x00000000167c6800 1525       3       java.util.concurrent.locks.ReentrantLock$NonfairSync::tryAcquire (6 bytes)
Event: 7.495 Thread 0x00000000167c6800 nmethod 1525 0x0000000003365a10 code [0x0000000003365b80, 0x0000000003365d88]
Event: 7.527 Thread 0x00000000167c6800 1526       3       java.util.concurrent.locks.LockSupport::setBlocker (12 bytes)
Event: 7.528 Thread 0x00000000167c6800 nmethod 1526 0x0000000003365e10 code [0x0000000003365f60, 0x00000000033660b0]
Event: 7.542 Thread 0x00000000167c6800 1527       3       java.util.concurrent.locks.AbstractQueuedSynchronizer::isOnSyncQueue (33 bytes)
Event: 7.543 Thread 0x00000000167c6800 nmethod 1527 0x0000000003366110 code [0x0000000003366280, 0x0000000003366610]
Event: 7.543 Thread 0x00000000167c6800 1528       3       java.util.concurrent.locks.ReentrantLock::unlock (10 bytes)
Event: 7.545 Thread 0x00000000167c6800 nmethod 1528 0x0000000003366750 code [0x00000000033668e0, 0x0000000003366cd8]
Event: 7.681 Thread 0x00000000167c6800 1529       1       org.gradle.launcher.daemon.server.exec.DaemonConnectionBackedEventConsumer::access$100 (5 bytes)
Event: 7.681 Thread 0x00000000167c6800 nmethod 1529 0x0000000003366e10 code [0x0000000003366f60, 0x0000000003367050]

GC Heap History (8 events):
Event: 1.572 GC heap before
{Heap before GC invocations=1 (full 0):
 PSYoungGen      total 38400K, used 33280K [0x00000000e0000000, 0x00000000e2a80000, 0x0000000100000000)
  eden space 33280K, 100% used [0x00000000e0000000,0x00000000e2080000,0x00000000e2080000)
  from space 5120K, 0% used [0x00000000e2580000,0x00000000e2580000,0x00000000e2a80000)
  to   space 5120K, 0% used [0x00000000e2080000,0x00000000e2080000,0x00000000e2580000)
 ParOldGen       total 87552K, used 0K [0x00000000a0000000, 0x00000000a5580000, 0x00000000e0000000)
  object space 87552K, 0% used [0x00000000a0000000,0x00000000a0000000,0x00000000a5580000)
 Metaspace       used 6829K, capacity 7056K, committed 7424K, reserved 1056768K
  class space    used 828K, capacity 908K, committed 1024K, reserved 1048576K
Event: 1.580 GC heap after
Heap after GC invocations=1 (full 0):
 PSYoungGen      total 38400K, used 4215K [0x00000000e0000000, 0x00000000e2a80000, 0x0000000100000000)
  eden space 33280K, 0% used [0x00000000e0000000,0x00000000e0000000,0x00000000e2080000)
  from space 5120K, 82% used [0x00000000e2080000,0x00000000e249dd78,0x00000000e2580000)
  to   space 5120K, 0% used [0x00000000e2580000,0x00000000e2580000,0x00000000e2a80000)
 ParOldGen       total 87552K, used 8K [0x00000000a0000000, 0x00000000a5580000, 0x00000000e0000000)
  object space 87552K, 0% used [0x00000000a0000000,0x00000000a0002000,0x00000000a5580000)
 Metaspace       used 6829K, capacity 7056K, committed 7424K, reserved 1056768K
  class space    used 828K, capacity 908K, committed 1024K, reserved 1048576K
}
Event: 2.410 GC heap before
{Heap before GC invocations=2 (full 0):
 PSYoungGen      total 38400K, used 37495K [0x00000000e0000000, 0x00000000e2a80000, 0x0000000100000000)
  eden space 33280K, 100% used [0x00000000e0000000,0x00000000e2080000,0x00000000e2080000)
  from space 5120K, 82% used [0x00000000e2080000,0x00000000e249dd78,0x00000000e2580000)
  to   space 5120K, 0% used [0x00000000e2580000,0x00000000e2580000,0x00000000e2a80000)
 ParOldGen       total 87552K, used 8K [0x00000000a0000000, 0x00000000a5580000, 0x00000000e0000000)
  object space 87552K, 0% used [0x00000000a0000000,0x00000000a0002000,0x00000000a5580000)
 Metaspace       used 7083K, capacity 7368K, committed 7680K, reserved 1056768K
  class space    used 863K, capacity 948K, committed 1024K, reserved 1048576K
Event: 2.417 GC heap after
Heap after GC invocations=2 (full 0):
 PSYoungGen      total 38400K, used 3201K [0x00000000e0000000, 0x00000000e2a80000, 0x0000000100000000)
  eden space 33280K, 0% used [0x00000000e0000000,0x00000000e0000000,0x00000000e2080000)
  from space 5120K, 62% used [0x00000000e2580000,0x00000000e28a0510,0x00000000e2a80000)
  to   space 5120K, 0% used [0x00000000e2080000,0x00000000e2080000,0x00000000e2580000)
 ParOldGen       total 87552K, used 16K [0x00000000a0000000, 0x00000000a5580000, 0x00000000e0000000)
  object space 87552K, 0% used [0x00000000a0000000,0x00000000a0004000,0x00000000a5580000)
 Metaspace       used 7083K, capacity 7368K, committed 7680K, reserved 1056768K
  class space    used 863K, capacity 948K, committed 1024K, reserved 1048576K
}
Event: 4.817 GC heap before
{Heap before GC invocations=3 (full 0):
 PSYoungGen      total 38400K, used 36481K [0x00000000e0000000, 0x00000000e2a80000, 0x0000000100000000)
  eden space 33280K, 100% used [0x00000000e0000000,0x00000000e2080000,0x00000000e2080000)
  from space 5120K, 62% used [0x00000000e2580000,0x00000000e28a0510,0x00000000e2a80000)
  to   space 5120K, 0% used [0x00000000e2080000,0x00000000e2080000,0x00000000e2580000)
 ParOldGen       total 87552K, used 16K [0x00000000a0000000, 0x00000000a5580000, 0x00000000e0000000)
  object space 87552K, 0% used [0x00000000a0000000,0x00000000a0004000,0x00000000a5580000)
 Metaspace       used 12353K, capacity 12732K, committed 12800K, reserved 1060864K
  class space    used 1645K, capacity 1772K, committed 1792K, reserved 1048576K
Event: 4.827 GC heap after
Heap after GC invocations=3 (full 0):
 PSYoungGen      total 38400K, used 5120K [0x00000000e0000000, 0x00000000e2a80000, 0x0000000100000000)
  eden space 33280K, 0% used [0x00000000e0000000,0x00000000e0000000,0x00000000e2080000)
  from space 5120K, 100% used [0x00000000e2080000,0x00000000e2580000,0x00000000e2580000)
  to   space 5120K, 0% used [0x00000000e2580000,0x00000000e2580000,0x00000000e2a80000)
 ParOldGen       total 87552K, used 1290K [0x00000000a0000000, 0x00000000a5580000, 0x00000000e0000000)
  object space 87552K, 1% used [0x00000000a0000000,0x00000000a0142948,0x00000000a5580000)
 Metaspace       used 12353K, capacity 12732K, committed 12800K, reserved 1060864K
  class space    used 1645K, capacity 1772K, committed 1792K, reserved 1048576K
}
Event: 6.163 GC heap before
{Heap before GC invocations=4 (full 0):
 PSYoungGen      total 38400K, used 38400K [0x00000000e0000000, 0x00000000e2a80000, 0x0000000100000000)
  eden space 33280K, 100% used [0x00000000e0000000,0x00000000e2080000,0x00000000e2080000)
  from space 5120K, 100% used [0x00000000e2080000,0x00000000e2580000,0x00000000e2580000)
  to   space 5120K, 0% used [0x00000000e2580000,0x00000000e2580000,0x00000000e2a80000)
 ParOldGen       total 87552K, used 1290K [0x00000000a0000000, 0x00000000a5580000, 0x00000000e0000000)
  object space 87552K, 1% used [0x00000000a0000000,0x00000000a0142948,0x00000000a5580000)
 Metaspace       used 14728K, capacity 15108K, committed 15232K, reserved 1062912K
  class space    used 2050K, capacity 2160K, committed 2176K, reserved 1048576K
Event: 6.190 GC heap after
Heap after GC invocations=4 (full 0):
 PSYoungGen      total 38400K, used 5104K [0x00000000e0000000, 0x00000000e2a80000, 0x0000000100000000)
  eden space 33280K, 0% used [0x00000000e0000000,0x00000000e0000000,0x00000000e2080000)
  from space 5120K, 99% used [0x00000000e2580000,0x00000000e2a7c010,0x00000000e2a80000)
  to   space 5120K, 0% used [0x00000000e2080000,0x00000000e2080000,0x00000000e2580000)
 ParOldGen       total 87552K, used 3755K [0x00000000a0000000, 0x00000000a5580000, 0x00000000e0000000)
  object space 87552K, 4% used [0x00000000a0000000,0x00000000a03aae08,0x00000000a5580000)
 Metaspace       used 14728K, capacity 15108K, committed 15232K, reserved 1062912K
  class space    used 2050K, capacity 2160K, committed 2176K, reserved 1048576K
}

Deoptimization events (10 events):
Event: 3.121 Thread 0x0000000002c02800 Uncommon trap: reason=bimorphic action=maybe_recompile pc=0x000000000307a850 method=java.util.HashMap.putVal(ILjava/lang/Object;Ljava/lang/Object;ZZ)Ljava/lang/Object; @ 203
Event: 3.624 Thread 0x0000000002c02800 Uncommon trap: reason=unstable_if action=reinterpret pc=0x0000000003093008 method=java.io.WinNTFileSystem.normalize(Ljava/lang/String;)Ljava/lang/String; @ 128
Event: 4.554 Thread 0x000000001a15e800 Uncommon trap: reason=unstable_if action=reinterpret pc=0x00000000032084f0 method=java.util.concurrent.ConcurrentHashMap.putVal(Ljava/lang/Object;Ljava/lang/Object;Z)Ljava/lang/Object; @ 206
Event: 4.695 Thread 0x000000001a185800 Uncommon trap: reason=bimorphic action=maybe_recompile pc=0x0000000003079468 method=java.util.HashMap.putVal(ILjava/lang/Object;Ljava/lang/Object;ZZ)Ljava/lang/Object; @ 253
Event: 4.695 Thread 0x000000001a185800 Uncommon trap: reason=bimorphic action=maybe_recompile pc=0x0000000003079468 method=java.util.HashMap.putVal(ILjava/lang/Object;Ljava/lang/Object;ZZ)Ljava/lang/Object; @ 253
Event: 4.696 Thread 0x000000001a185800 Uncommon trap: reason=bimorphic action=maybe_recompile pc=0x0000000003079468 method=java.util.HashMap.putVal(ILjava/lang/Object;Ljava/lang/Object;ZZ)Ljava/lang/Object; @ 253
Event: 5.448 Thread 0x000000001a185800 Uncommon trap: reason=class_check action=maybe_recompile pc=0x00000000030e2298 method=java.util.regex.Matcher.match(II)Z @ 86
Event: 5.502 Thread 0x000000001a185800 Uncommon trap: reason=class_check action=maybe_recompile pc=0x00000000030e2298 method=java.util.regex.Matcher.match(II)Z @ 86
Event: 5.503 Thread 0x000000001a185800 Uncommon trap: reason=class_check action=maybe_recompile pc=0x00000000030e2298 method=java.util.regex.Matcher.match(II)Z @ 86
Event: 5.503 Thread 0x000000001a185800 Uncommon trap: reason=class_check action=maybe_recompile pc=0x0000000002f7675c method=java.util.regex.Matcher.match(II)Z @ 86

Classes redefined (0 events):
No events

Internal exceptions (10 events):
Event: 4.563 Thread 0x000000001a15e800 Exception <a 'java/lang/NoSuchMethodError': <clinit>> (0x00000000e1a16b88) thrown at [C:\src\AOSP-openjdk-git\hotspot\src\share\vm\prims\jni.cpp, line 1615]
Event: 4.570 Thread 0x000000001a15e800 Exception <a 'java/lang/NoSuchMethodError': <clinit>> (0x00000000e1a29490) thrown at [C:\src\AOSP-openjdk-git\hotspot\src\share\vm\prims\jni.cpp, line 1615]
Event: 4.577 Thread 0x000000001a15e800 Exception <a 'java/lang/NoSuchMethodError': <clinit>> (0x00000000e1a4ffd0) thrown at [C:\src\AOSP-openjdk-git\hotspot\src\share\vm\prims\jni.cpp, line 1615]
Event: 4.582 Thread 0x000000001a15e800 Exception <a 'java/lang/NoSuchMethodError': <clinit>> (0x00000000e1a679a0) thrown at [C:\src\AOSP-openjdk-git\hotspot\src\share\vm\prims\jni.cpp, line 1615]
Event: 4.583 Thread 0x000000001a15e800 Exception <a 'java/lang/NoSuchMethodError': <clinit>> (0x00000000e1a70540) thrown at [C:\src\AOSP-openjdk-git\hotspot\src\share\vm\prims\jni.cpp, line 1615]
Event: 4.587 Thread 0x000000001a15e800 Exception <a 'java/lang/NoSuchMethodError': <clinit>> (0x00000000e1a86778) thrown at [C:\src\AOSP-openjdk-git\hotspot\src\share\vm\prims\jni.cpp, line 1615]
Event: 4.600 Thread 0x000000001a15e800 Exception <a 'java/lang/NoSuchMethodError': <clinit>> (0x00000000e1ae09d8) thrown at [C:\src\AOSP-openjdk-git\hotspot\src\share\vm\prims\jni.cpp, line 1615]
Event: 4.607 Thread 0x000000001a15e800 Exception <a 'java/lang/NoSuchMethodError': <clinit>> (0x00000000e1b0cda8) thrown at [C:\src\AOSP-openjdk-git\hotspot\src\share\vm\prims\jni.cpp, line 1615]
Event: 4.614 Thread 0x000000001a15e800 Exception <a 'java/lang/NoSuchMethodError': <clinit>> (0x00000000e1b39c60) thrown at [C:\src\AOSP-openjdk-git\hotspot\src\share\vm\prims\jni.cpp, line 1615]
Event: 4.627 Thread 0x000000001a15e800 Exception <a 'java/lang/NoSuchMethodError': <clinit>> (0x00000000e1b44ce8) thrown at [C:\src\AOSP-openjdk-git\hotspot\src\share\vm\prims\jni.cpp, line 1615]

Events (10 events):
Event: 6.942 loading class com/google/common/util/concurrent/Striped$5
Event: 6.942 loading class com/google/common/util/concurrent/Striped$5 done
Event: 6.949 loading class java/util/concurrent/locks/ReadWriteLock
Event: 6.953 loading class java/util/concurrent/locks/ReadWriteLock done
Event: 6.953 loading class com/google/common/util/concurrent/Striped$6
Event: 6.953 loading class com/google/common/util/concurrent/Striped$6 done
Event: 8.010 loading class com/google/common/util/concurrent/Striped$1
Event: 8.010 loading class com/google/common/util/concurrent/Striped$1 done
Event: 8.013 loading class com/google/common/math/IntMath
Event: 8.013 loading class com/google/common/math/IntMath done


Dynamic libraries:
0x00007ff6264f0000 - 0x00007ff626521000 	C:\Program Files\Android\Android Studio\jre\bin\java.exe
0x00007ffac8110000 - 0x00007ffac8305000 	C:\WINDOWS\SYSTEM32\ntdll.dll
0x00007ffac6210000 - 0x00007ffac62cd000 	C:\WINDOWS\System32\KERNEL32.DLL
0x00007ffac5ab0000 - 0x00007ffac5d78000 	C:\WINDOWS\System32\KERNELBASE.dll
0x00007ffac6b10000 - 0x00007ffac6bbc000 	C:\WINDOWS\System32\ADVAPI32.dll
0x00007ffac68a0000 - 0x00007ffac693e000 	C:\WINDOWS\System32\msvcrt.dll
0x00007ffac6170000 - 0x00007ffac620b000 	C:\WINDOWS\System32\sechost.dll
0x00007ffac63b0000 - 0x00007ffac64db000 	C:\WINDOWS\System32\RPCRT4.dll
0x00007ffac76f0000 - 0x00007ffac7890000 	C:\WINDOWS\System32\USER32.dll
0x00007ffac5ed0000 - 0x00007ffac5ef2000 	C:\WINDOWS\System32\win32u.dll
0x00007ffac7420000 - 0x00007ffac744a000 	C:\WINDOWS\System32\GDI32.dll
0x00007ffac6060000 - 0x00007ffac616b000 	C:\WINDOWS\System32\gdi32full.dll
0x00007ffac5d80000 - 0x00007ffac5e1d000 	C:\WINDOWS\System32\msvcp_win.dll
0x00007ffac5f00000 - 0x00007ffac6000000 	C:\WINDOWS\System32\ucrtbase.dll
0x00007ffac4c70000 - 0x00007ffac4f0a000 	C:\WINDOWS\WinSxS\amd64_microsoft.windows.common-controls_6595b64144ccf1df_6.0.19041.844_none_ca00b6081b84eb1d\COMCTL32.dll
0x00007ffac7450000 - 0x00007ffac7480000 	C:\WINDOWS\System32\IMM32.DLL
0x0000000060840000 - 0x0000000060912000 	C:\Program Files\Android\Android Studio\jre\jre\bin\msvcr100.dll
0x000000005e200000 - 0x000000005ea4b000 	C:\Program Files\Android\Android Studio\jre\jre\bin\server\jvm.dll
0x00007ffac78a0000 - 0x00007ffac78a8000 	C:\WINDOWS\System32\PSAPI.DLL
0x00007ffac26a0000 - 0x00007ffac26a9000 	C:\WINDOWS\SYSTEM32\WSOCK32.dll
0x00007ffac7480000 - 0x00007ffac74eb000 	C:\WINDOWS\System32\WS2_32.dll
0x00007ffab5ab0000 - 0x00007ffab5ad7000 	C:\WINDOWS\SYSTEM32\WINMM.dll
0x00007ffab4850000 - 0x00007ffab485a000 	C:\WINDOWS\SYSTEM32\VERSION.dll
0x00007ffac05d0000 - 0x00007ffac05df000 	C:\Program Files\Android\Android Studio\jre\jre\bin\verify.dll
0x00007ffac0580000 - 0x00007ffac05a9000 	C:\Program Files\Android\Android Studio\jre\jre\bin\java.dll
0x00007ffabea10000 - 0x00007ffabea26000 	C:\Program Files\Android\Android Studio\jre\jre\bin\zip.dll
0x00007ffac6cd0000 - 0x00007ffac7412000 	C:\WINDOWS\System32\SHELL32.dll
0x00007ffac32f0000 - 0x00007ffac3a80000 	C:\WINDOWS\SYSTEM32\windows.storage.dll
0x00007ffac6540000 - 0x00007ffac6895000 	C:\WINDOWS\System32\combase.dll
0x00007ffac4b00000 - 0x00007ffac4b2c000 	C:\WINDOWS\SYSTEM32\Wldp.dll
0x00007ffac6bc0000 - 0x00007ffac6c6e000 	C:\WINDOWS\System32\SHCORE.dll
0x00007ffac7570000 - 0x00007ffac75c5000 	C:\WINDOWS\System32\shlwapi.dll
0x00007ffac5790000 - 0x00007ffac57af000 	C:\WINDOWS\SYSTEM32\profapi.dll
0x00007ffabe5c0000 - 0x00007ffabe5da000 	C:\Program Files\Android\Android Studio\jre\jre\bin\net.dll
0x00007ffac48e0000 - 0x00007ffac494a000 	C:\WINDOWS\system32\mswsock.dll
0x00007ffabe5a0000 - 0x00007ffabe5b3000 	C:\Program Files\Android\Android Studio\jre\jre\bin\nio.dll
0x00007ffa94ac0000 - 0x00007ffa94ae6000 	C:\Users\PC\.gradle\native\30\windows-amd64\native-platform.dll
0x00007ffabea00000 - 0x00007ffabea0d000 	C:\Program Files\Android\Android Studio\jre\jre\bin\management.dll
0x00007ffac55e0000 - 0x00007ffac55f8000 	C:\WINDOWS\SYSTEM32\CRYPTSP.dll
0x00007ffac42c0000 - 0x00007ffac42f4000 	C:\WINDOWS\system32\rsaenh.dll
0x00007ffac58a0000 - 0x00007ffac58c7000 	C:\WINDOWS\System32\bcrypt.dll
0x00007ffac5750000 - 0x00007ffac577e000 	C:\WINDOWS\SYSTEM32\USERENV.dll
0x00007ffac58d0000 - 0x00007ffac5950000 	C:\WINDOWS\System32\bcryptprimitives.dll
0x00007ffac4a60000 - 0x00007ffac4a6c000 	C:\WINDOWS\SYSTEM32\CRYPTBASE.dll
0x00007ffac45f0000 - 0x00007ffac462b000 	C:\WINDOWS\SYSTEM32\IPHLPAPI.DLL
0x00007ffac7890000 - 0x00007ffac7898000 	C:\WINDOWS\System32\NSI.dll
0x00007ffabac70000 - 0x00007ffabac87000 	C:\WINDOWS\SYSTEM32\dhcpcsvc6.DLL
0x00007ffabac10000 - 0x00007ffabac2d000 	C:\WINDOWS\SYSTEM32\dhcpcsvc.DLL
0x00007ffac4630000 - 0x00007ffac46fc000 	C:\WINDOWS\SYSTEM32\DNSAPI.dll

VM Arguments:
jvm_args: -Xmx1536m -Dfile.encoding=windows-1252 -Duser.country=US -Duser.language=en -Duser.variant 
java_command: org.gradle.launcher.daemon.bootstrap.GradleDaemon 5.6.4
java_class_path (initial): C:\Users\PC\.gradle\wrapper\dists\gradle-5.6.4-all\ankdp27end7byghfw1q2sw75f\gradle-5.6.4\lib\gradle-launcher-5.6.4.jar
Launcher Type: SUN_STANDARD

Environment Variables:
JAVA_HOME=C:\Program Files\Java\jdk-15
USERNAME=Windows 10
OS=Windows_NT
PROCESSOR_IDENTIFIER=Intel64 Family 6 Model 69 Stepping 1, GenuineIntel



---------------  S Y S T E M  ---------------

OS: Windows 10.0 , 64 bit Build 19041 (10.0.19041.928)

CPU:total 4 (initial active 4) (2 cores per cpu, 2 threads per core) family 6 model 69 stepping 1, cmov, cx8, fxsr, mmx, sse, sse2, sse3, ssse3, sse4.1, sse4.2, popcnt, avx, avx2, aes, clmul, erms, lzcnt, ht, tsc, tscinvbit, bmi1, bmi2

Memory: 4k page, physical 8265700k(447668k free), swap 12087712k(11980k free)

vm_info: OpenJDK 64-Bit Server VM (25.242-b01) for windows-amd64 JRE (1.8.0_242-release-1644-b01), built by "builder" with MS VC++ 10.0 (VS2010)

time: Fri Jun 04 19:53:44 2021
timezone: SE Asia Standard Time
elapsed time: 9 seconds (0d 0h 0m 9s)

